#
# A fatal error has been detected by the Java Runtime Environment:
#
#  SIGSEGV (0xb) at pc=0x0000000106186a71, pid=9925, tid=0x0000000000000e03
#
# JRE version: Java(TM) SE Runtime Environment (8.0_231-b11) (build 1.8.0_231-b11)
# Java VM: Java HotSpot(TM) 64-Bit Server VM (25.231-b11 mixed mode bsd-amd64 compressed oops)
# Problematic frame:
# V  [libjvm.dylib+0x586a71]  Unsafe_GetNativeInt+0x47
#
# Failed to write core dump. Core dumps have been disabled. To enable core dumping, try "ulimit -c unlimited" before starting Java again
#
# If you would like to submit a bug report, please visit:
#   http://bugreport.java.com/bugreport/crash.jsp
#

---------------  T H R E A D  ---------------

Current thread (0x00007f9a1a008800):  JavaThread "main" [_thread_in_vm, id=3587, stack(0x0000700002307000,0x0000700002407000)]

siginfo: si_signo: 11 (SIGSEGV), si_code: 1 (SEGV_MAPERR), si_addr: 0x000000000000000c

Registers:
RAX=0x00007f9a1a008800, RBX=0x000000000000000c, RCX=0x000000010642d5e0, RDX=0x000000000000000c
RSP=0x0000700002406860, RBP=0x0000700002406890, RSI=0x0000000000000006, RDI=0x000000000000010c
R8 =0x00000001121348e7, R9 =0x00000000fffffff0, R10=0x00000001120eb63b, R11=0x00000001060e96e3
R12=0x0000000000000000, R13=0x00000001105505c8, R14=0x00007f9a1a008800, R15=0x0000700002406870
RIP=0x0000000106186a71, EFLAGS=0x0000000000010246, ERR=0x0000000000000004
  TRAPNO=0x000000000000000e

Top of Stack: (sp=0x0000700002406860)
0x0000700002406860:   00007f9a1a008800 00007f9a1a008800
0x0000700002406870:   00007f9a1a008800 00000001105505c8
0x0000700002406880:   0000700002406930 00007f9a1a008800
0x0000700002406890:   0000700002406900 00000001120eb667
0x00007000024068a0:   0000700002406900 00000001120eb3b9
0x00007000024068b0:   00000001108d3e28 00000001120eb382
0x00007000024068c0:   00007000024068c0 00000001105505c8
0x00007000024068d0:   0000700002406930 000000011057e9d8
0x00007000024068e0:   0000000000000000 00000001105505c8
0x00007000024068f0:   0000000000000000 0000700002406920
0x0000700002406900:   0000700002406978 00000001120dad00
0x0000700002406910:   0000000000000000 00000001120e4d16
0x0000700002406920:   000000000000000c 0000000000000016
0x0000700002406930:   000000076ab089b0 0000700002406938
0x0000700002406940:   00000001108d3db5 00007000024069a8
0x0000700002406950:   00000001108d4028 0000000000000000
0x0000700002406960:   00000001108d3e28 0000700002406920
0x0000700002406970:   00007000024069a8 00007000024069f0
0x0000700002406980:   00000001120db2bd 0000000000000000
0x0000700002406990:   000000000000000c 0000000000000000
0x00007000024069a0:   000000076ad98430 000000076ad92be8
0x00007000024069b0:   00007000024069b0 00000001108d3ed1
0x00007000024069c0:   0000700002406a08 00000001108d4028
0x00007000024069d0:   0000000000000000 00000001108d3f00
0x00007000024069e0:   00007000024069a8 0000700002406a08
0x00007000024069f0:   0000700002406a70 00000001120d37a7
0x0000700002406a00:   000000076ad92be8 000000076ad92bd8
0x0000700002406a10:   0000000100001fa0 000000000000000a
0x0000700002406a20:   00007f9a1a008800 0000000000000001
0x0000700002406a30:   00000001120d371f 00000001108d3f00
0x0000700002406a40:   0000700002406b08 0000700002406e90
0x0000700002406a50:   000000010000000a 00000001108d3f00 

Instructions: (pc=0x0000000106186a71)
0x0000000106186a51:   00 e8 e5 3a be ff 4c 89 75 d8 48 8d 05 5e ac 2b
0x0000000106186a61:   00 48 63 38 e8 a2 b4 04 00 c6 80 94 02 00 00 01
0x0000000106186a71:   8b 1b c6 80 94 02 00 00 00 48 8d 7d d8 e8 fd ae
0x0000000106186a81:   be ff ba 04 00 00 00 4c 89 ff be 06 00 00 00 e8 

Register to memory mapping:

RAX=0x00007f9a1a008800 is a thread
RBX=0x000000000000000c is an unknown value
RCX=0x000000010642d5e0: UseMembar+0 in /Library/Java/JavaVirtualMachines/jdk1.8.0_231.jdk/Contents/Home/jre/lib/server/libjvm.dylib at 0x0000000105c00000
RDX=0x000000000000000c is an unknown value
RSP=0x0000700002406860 is pointing into the stack for thread: 0x00007f9a1a008800
RBP=0x0000700002406890 is pointing into the stack for thread: 0x00007f9a1a008800
RSI=0x0000000000000006 is an unknown value
RDI=0x000000000000010c is an unknown value
R8 =0x00000001121348e7 is at code_begin+7 in 
[CodeBlob (0x0000000112134890)]
Framesize: 0
BufferBlob (0x0000000112134890) used for Signature Handler Temp Buffer
R9 =0x00000000fffffff0 is an unknown value
R10=0x00000001120eb63b is at code_begin+859 in an Interpreter codelet
method entry point (kind = native)  [0x00000001120eb2e0, 0x00000001120ebc40]  2400 bytes
R11=0x00000001060e96e3: throw_unsatisfied_link_error+0 in /Library/Java/JavaVirtualMachines/jdk1.8.0_231.jdk/Contents/Home/jre/lib/server/libjvm.dylib at 0x0000000105c00000
R12=0x0000000000000000 is an unknown value
R13={method} {0x00000001105505c8} 'getInt' '(J)I' in 'sun/misc/Unsafe'
R14=0x00007f9a1a008800 is a thread
R15=0x0000700002406870 is pointing into the stack for thread: 0x00007f9a1a008800


Stack: [0x0000700002307000,0x0000700002407000],  sp=0x0000700002406860,  free space=1022k
Native frames: (J=compiled Java code, j=interpreted, Vv=VM code, C=native code)
V  [libjvm.dylib+0x586a71]  Unsafe_GetNativeInt+0x47
j  sun.misc.Unsafe.getInt(J)I+0
j  unsafeClass.UseAndLearnUnsafe.getFile()V+61
j  unsafeClass.UseAndLearnUnsafe.main([Ljava/lang/String;)V+9
v  ~StubRoutines::call_stub
V  [libjvm.dylib+0x2f0792]  JavaCalls::call_helper(JavaValue*, methodHandle*, JavaCallArguments*, Thread*)+0x6ae
V  [libjvm.dylib+0x327739]  jni_invoke_static(JNIEnv_*, JavaValue*, _jobject*, JNICallType, _jmethodID*, JNI_ArgumentPusher*, Thread*)+0x1bf
V  [libjvm.dylib+0x3204c5]  jni_CallStaticVoidMethod+0x15d
C  [java+0x38c6]  JavaMain+0x9c4
C  [libsystem_pthread.dylib+0x6109]  _pthread_start+0x94
C  [libsystem_pthread.dylib+0x1b8b]  thread_start+0xf
C  0x0000000000000000

Java frames: (J=compiled Java code, j=interpreted, Vv=VM code)
j  sun.misc.Unsafe.getInt(J)I+0
j  unsafeClass.UseAndLearnUnsafe.getFile()V+61
j  unsafeClass.UseAndLearnUnsafe.main([Ljava/lang/String;)V+9
v  ~StubRoutines::call_stub

---------------  P R O C E S S  ---------------

Java Threads: ( => current thread )
  0x00007f9a188b0000 JavaThread "Service Thread" daemon [_thread_blocked, id=15619, stack(0x0000700003643000,0x0000700003743000)]
  0x00007f9a1a888000 JavaThread "C1 CompilerThread3" daemon [_thread_blocked, id=16131, stack(0x0000700003540000,0x0000700003640000)]
  0x00007f9a1a887000 JavaThread "C2 CompilerThread2" daemon [_thread_blocked, id=14851, stack(0x000070000343d000,0x000070000353d000)]
  0x00007f9a1a886800 JavaThread "C2 CompilerThread1" daemon [_thread_blocked, id=14339, stack(0x000070000333a000,0x000070000343a000)]
  0x00007f9a1a885800 JavaThread "C2 CompilerThread0" daemon [_thread_blocked, id=16643, stack(0x0000700003237000,0x0000700003337000)]
  0x00007f9a19008800 JavaThread "Monitor Ctrl-Break" daemon [_thread_in_native, id=17155, stack(0x0000700003134000,0x0000700003234000)]
  0x00007f9a1a011000 JavaThread "Signal Dispatcher" daemon [_thread_blocked, id=13827, stack(0x0000700003031000,0x0000700003131000)]
  0x00007f9a1a020800 JavaThread "Finalizer" daemon [_thread_blocked, id=19459, stack(0x0000700002e28000,0x0000700002f28000)]
  0x00007f9a1a013000 JavaThread "Reference Handler" daemon [_thread_blocked, id=19971, stack(0x0000700002d25000,0x0000700002e25000)]
=>0x00007f9a1a008800 JavaThread "main" [_thread_in_vm, id=3587, stack(0x0000700002307000,0x0000700002407000)]

Other Threads:
  0x00007f9a18849000 VMThread [stack: 0x0000700002c22000,0x0000700002d22000] [id=20483]
  0x00007f9a1a010800 WatcherThread [stack: 0x0000700003746000,0x0000700003846000] [id=21763]

VM state:not at safepoint (normal execution)

VM Mutex/Monitor currently owned by a thread: None

heap address: 0x00000006c0000000, size: 4096 MB, Compressed Oops mode: Zero based, Oop shift amount: 3
Narrow klass base: 0x0000000000000000, Narrow klass shift: 3
Compressed class space size: 1073741824 Address: 0x00000007c0000000

Heap:
 PSYoungGen      total 76288K, used 5243K [0x000000076ab00000, 0x0000000770000000, 0x00000007c0000000)
  eden space 65536K, 8% used [0x000000076ab00000,0x000000076b01ec10,0x000000076eb00000)
  from space 10752K, 0% used [0x000000076f580000,0x000000076f580000,0x0000000770000000)
  to   space 10752K, 0% used [0x000000076eb00000,0x000000076eb00000,0x000000076f580000)
 ParOldGen       total 175104K, used 0K [0x00000006c0000000, 0x00000006cab00000, 0x000000076ab00000)
  object space 175104K, 0% used [0x00000006c0000000,0x00000006c0000000,0x00000006cab00000)
 Metaspace       used 3102K, capacity 4500K, committed 4864K, reserved 1056768K
  class space    used 342K, capacity 388K, committed 512K, reserved 1048576K

Card table byte_map: [0x0000000106f7a000,0x000000010777b000] byte_map_base: 0x000000010397a000

Marking Bits: (ParMarkBitMap*) 0x00000001064fceb0
 Begin Bits: [0x0000000107cd1000, 0x000000010bcd1000)
 End Bits:   [0x000000010bcd1000, 0x000000010fcd1000)

Polling page: 0x0000000104aa4000

CodeCache: size=245760Kb used=1120Kb max_used=1120Kb free=244640Kb
 bounds [0x00000001120d3000, 0x0000000112343000, 0x00000001210d3000]
 total_blobs=277 nmethods=30 adapters=162
 compilation: enabled

Compilation events (10 events):
Event: 0.110 Thread 0x00007f9a1a888000   22       3       java.lang.Math::min (11 bytes)
Event: 0.110 Thread 0x00007f9a1a888000 nmethod 22 0x00000001121e7390 code [0x00000001121e7500, 0x00000001121e7690]
Event: 0.110 Thread 0x00007f9a1a888000   23       1       java.lang.ref.Reference::get (5 bytes)
Event: 0.110 Thread 0x00007f9a1a888000 nmethod 23 0x00000001121e7710 code [0x00000001121e7860, 0x00000001121e7970]
Event: 0.110 Thread 0x00007f9a1a888000   20       3       java.lang.String::startsWith (7 bytes)
Event: 0.111 Thread 0x00007f9a1a888000 nmethod 20 0x00000001121e79d0 code [0x00000001121e7b40, 0x00000001121e7d48]
Event: 0.111 Thread 0x00007f9a1a888000   25       1       sun.instrument.TransformerManager::getSnapshotTransformerList (5 bytes)
Event: 0.111 Thread 0x00007f9a1a888000 nmethod 25 0x00000001121e7dd0 code [0x00000001121e7f20, 0x00000001121e8030]
Event: 0.111 Thread 0x00007f9a1a888000   26       3       java.util.concurrent.ConcurrentHashMap::tabAt (21 bytes)
Event: 0.111 Thread 0x00007f9a1a888000 nmethod 26 0x00000001121e8410 code [0x00000001121e8580, 0x00000001121e87b0]

GC Heap History (0 events):
No events

Deoptimization events (0 events):
No events

Classes redefined (0 events):
No events

Internal exceptions (2 events):
Event: 0.030 Thread 0x00007f9a1a008800 Exception <a 'java/lang/NoSuchMethodError': Method sun.misc.Unsafe.defineClass(Ljava/lang/String;[BII)Ljava/lang/Class; name or signature does not match> (0x000000076ab07cb8) thrown at [/Users/java_re/workspace/8-2-build-macosx-x86_64/jdk8u231/13620/hotsp
Event: 0.030 Thread 0x00007f9a1a008800 Exception <a 'java/lang/NoSuchMethodError': Method sun.misc.Unsafe.prefetchRead(Ljava/lang/Object;J)V name or signature does not match> (0x000000076ab07fa0) thrown at [/Users/java_re/workspace/8-2-build-macosx-x86_64/jdk8u231/13620/hotspot/src/share/vm/pr

Events (10 events):
Event: 0.111 loading class java/net/Inet6Address done
Event: 0.111 loading class sun/reflect/UnsafeQualifiedStaticFieldAccessorImpl
Event: 0.111 loading class sun/reflect/UnsafeQualifiedStaticFieldAccessorImpl done
Event: 0.111 loading class sun/reflect/UnsafeQualifiedStaticObjectFieldAccessorImpl done
Event: 0.111 loading class java/util/HashMap$EntrySet
Event: 0.111 loading class java/util/HashMap$EntrySet done
Event: 0.112 loading class java/util/HashMap$EntryIterator
Event: 0.112 loading class java/util/HashMap$HashIterator
Event: 0.112 loading class java/util/HashMap$HashIterator done
Event: 0.112 loading class java/util/HashMap$EntryIterator done


Dynamic libraries:
0x00007fff3264e000 	/System/Library/Frameworks/Cocoa.framework/Versions/A/Cocoa
0x00007fff3fe47000 	/System/Library/Frameworks/Security.framework/Versions/A/Security
0x00007fff315b3000 	/System/Library/Frameworks/ApplicationServices.framework/Versions/A/ApplicationServices
0x00007fff6cb04000 	/usr/lib/libz.1.dylib
0x00007fff6a5c8000 	/usr/lib/libSystem.B.dylib
0x00007fff6c428000 	/usr/lib/libobjc.A.dylib
0x00007fff334f0000 	/System/Library/Frameworks/CoreFoundation.framework/Versions/A/CoreFoundation
0x00007fff35bad000 	/System/Library/Frameworks/Foundation.framework/Versions/C/Foundation
0x00007fff307a3000 	/System/Library/Frameworks/AppKit.framework/Versions/C/AppKit
0x00007fff32fd2000 	/System/Library/Frameworks/CoreData.framework/Versions/A/CoreData
0x00007fff645dd000 	/System/Library/PrivateFrameworks/UIFoundation.framework/Versions/A/UIFoundation
0x00007fff5f671000 	/System/Library/PrivateFrameworks/RemoteViewServices.framework/Versions/A/RemoteViewServices
0x00007fff67138000 	/System/Library/PrivateFrameworks/XCTTargetBootstrap.framework/Versions/A/XCTTargetBootstrap
0x00007fff333bd000 	/System/Library/Frameworks/CoreDisplay.framework/Versions/A/CoreDisplay
0x00007fff38a68000 	/System/Library/Frameworks/Metal.framework/Versions/A/Metal
0x00007fff4d65e000 	/System/Library/PrivateFrameworks/DesktopServicesPriv.framework/Versions/A/DesktopServicesPriv
0x00007fff6b703000 	/usr/lib/liblangid.dylib
0x00007fff4c8f3000 	/System/Library/PrivateFrameworks/CoreSVG.framework/Versions/A/CoreSVG
0x00007fff627cd000 	/System/Library/PrivateFrameworks/SkyLight.framework/Versions/A/SkyLight
0x00007fff33971000 	/System/Library/Frameworks/CoreGraphics.framework/Versions/A/CoreGraphics
0x00007fff2f177000 	/System/Library/Frameworks/Accelerate.framework/Versions/A/Accelerate
0x00007fff6c9f5000 	/usr/lib/libxml2.2.dylib
0x00007fff585fc000 	/System/Library/PrivateFrameworks/IconServices.framework/Versions/A/IconServices
0x00007fff3638c000 	/System/Library/Frameworks/IOSurface.framework/Versions/A/IOSurface
0x00007fff6a0f2000 	/usr/lib/libDiagnosticMessagesClient.dylib
0x00007fff4d4b8000 	/System/Library/PrivateFrameworks/DFRFoundation.framework/Versions/A/DFRFoundation
0x00007fff6b492000 	/usr/lib/libicucore.A.dylib
0x00007fff318e5000 	/System/Library/Frameworks/AudioToolbox.framework/Versions/A/AudioToolbox
0x00007fff319c8000 	/System/Library/Frameworks/AudioUnit.framework/Versions/A/AudioUnit
0x00007fff6a7ca000 	/usr/lib/libauto.dylib
0x00007fff4d55a000 	/System/Library/PrivateFrameworks/DataDetectorsCore.framework/Versions/A/DataDetectorsCore
0x00007fff3216f000 	/System/Library/Frameworks/Carbon.framework/Versions/A/Frameworks/HIToolbox.framework/Versions/A/HIToolbox
0x00007fff3f041000 	/System/Library/Frameworks/QuartzCore.framework/Versions/A/QuartzCore
0x00007fff324ae000 	/System/Library/Frameworks/Carbon.framework/Versions/A/Frameworks/SpeechRecognition.framework/Versions/A/SpeechRecognition
0x00007fff4cfcc000 	/System/Library/PrivateFrameworks/CoreUI.framework/Versions/A/CoreUI
0x00007fff32a3d000 	/System/Library/Frameworks/CoreAudio.framework/Versions/A/CoreAudio
0x00007fff3586c000 	/System/Library/Frameworks/DiskArbitration.framework/Versions/A/DiskArbitration
0x00007fff5a64c000 	/System/Library/PrivateFrameworks/MultitouchSupport.framework/Versions/A/MultitouchSupport
0x00007fff6b359000 	/usr/lib/libenergytrace.dylib
0x00007fff362e6000 	/System/Library/Frameworks/IOKit.framework/Versions/A/IOKit
0x00007fff348d8000 	/System/Library/Frameworks/CoreServices.framework/Versions/A/CoreServices
0x00007fff5c804000 	/System/Library/PrivateFrameworks/PerformanceAnalysis.framework/Versions/A/PerformanceAnalysis
0x00007fff3e074000 	/System/Library/Frameworks/OpenGL.framework/Versions/A/OpenGL
0x00007fff3265c000 	/System/Library/Frameworks/ColorSync.framework/Versions/A/ColorSync
0x00007fff33ff4000 	/System/Library/Frameworks/CoreImage.framework/Versions/A/CoreImage
0x00007fff3534b000 	/System/Library/Frameworks/CoreText.framework/Versions/A/CoreText
0x00007fff3641c000 	/System/Library/Frameworks/ImageIO.framework/Versions/A/ImageIO
0x00007fff6a8ae000 	/usr/lib/libc++.1.dylib
0x00007fff6a92a000 	/usr/lib/libcompression.dylib
0x00007fff6a436000 	/usr/lib/libMobileGestalt.dylib
0x00007fff64347000 	/System/Library/PrivateFrameworks/TextureIO.framework/Versions/A/TextureIO
0x00007fff6a72d000 	/usr/lib/libate.dylib
0x00007fff58805000 	/System/Library/PrivateFrameworks/InternationalSupport.framework/Versions/A/InternationalSupport
0x00007fff6d3c5000 	/usr/lib/system/libcache.dylib
0x00007fff6d3cb000 	/usr/lib/system/libcommonCrypto.dylib
0x00007fff6d3d7000 	/usr/lib/system/libcompiler_rt.dylib
0x00007fff6d3df000 	/usr/lib/system/libcopyfile.dylib
0x00007fff6d3e9000 	/usr/lib/system/libcorecrypto.dylib
0x00007fff6d588000 	/usr/lib/system/libdispatch.dylib
0x00007fff6d5c9000 	/usr/lib/system/libdyld.dylib
0x00007fff6d600000 	/usr/lib/system/libkeymgr.dylib
0x00007fff6d60e000 	/usr/lib/system/liblaunch.dylib
0x00007fff6d60f000 	/usr/lib/system/libmacho.dylib
0x00007fff6d615000 	/usr/lib/system/libquarantine.dylib
0x00007fff6d618000 	/usr/lib/system/libremovefile.dylib
0x00007fff6d61a000 	/usr/lib/system/libsystem_asl.dylib
0x00007fff6d632000 	/usr/lib/system/libsystem_blocks.dylib
0x00007fff6d633000 	/usr/lib/system/libsystem_c.dylib
0x00007fff6d6bb000 	/usr/lib/system/libsystem_configuration.dylib
0x00007fff6d6bf000 	/usr/lib/system/libsystem_coreservices.dylib
0x00007fff6d6c3000 	/usr/lib/system/libsystem_darwin.dylib
0x00007fff6d6cc000 	/usr/lib/system/libsystem_dnssd.dylib
0x00007fff6d6d4000 	/usr/lib/system/libsystem_featureflags.dylib
0x00007fff6d6d6000 	/usr/lib/system/libsystem_info.dylib
0x00007fff6d751000 	/usr/lib/system/libsystem_m.dylib
0x00007fff6d799000 	/usr/lib/system/libsystem_malloc.dylib
0x00007fff6d7c1000 	/usr/lib/system/libsystem_networkextension.dylib
0x00007fff6d7cf000 	/usr/lib/system/libsystem_notify.dylib
0x00007fff6d7ed000 	/usr/lib/system/libsystem_sandbox.dylib
0x00007fff6d7f2000 	/usr/lib/system/libsystem_secinit.dylib
0x00007fff6d724000 	/usr/lib/system/libsystem_kernel.dylib
0x00007fff6d7d9000 	/usr/lib/system/libsystem_platform.dylib
0x00007fff6d7e2000 	/usr/lib/system/libsystem_pthread.dylib
0x00007fff6d7f5000 	/usr/lib/system/libsystem_symptoms.dylib
0x00007fff6d7fd000 	/usr/lib/system/libsystem_trace.dylib
0x00007fff6d815000 	/usr/lib/system/libunwind.dylib
0x00007fff6d81b000 	/usr/lib/system/libxpc.dylib
0x00007fff6a901000 	/usr/lib/libc++abi.dylib
0x00007fff6b705000 	/usr/lib/liblzma.5.dylib
0x00007fff6b380000 	/usr/lib/libfakelink.dylib
0x00007fff6a6ba000 	/usr/lib/libarchive.2.dylib
0x00007fff40ef8000 	/System/Library/Frameworks/SystemConfiguration.framework/Versions/A/SystemConfiguration
0x00007fff6a025000 	/usr/lib/libCRFSuite.dylib
0x00007fff31d5f000 	/System/Library/Frameworks/CFNetwork.framework/Versions/A/CFNetwork
0x00007fff6a890000 	/usr/lib/libbsm.0.dylib
0x00007fff6d601000 	/usr/lib/system/libkxld.dylib
0x00007fff46e35000 	/System/Library/PrivateFrameworks/AppleFSCompression.framework/Versions/A/AppleFSCompression
0x00007fff6ac1b000 	/usr/lib/libcoretls.dylib
0x00007fff6ac32000 	/usr/lib/libcoretls_cfhelpers.dylib
0x00007fff6c46e000 	/usr/lib/libpam.2.dylib
0x00007fff6c5a3000 	/usr/lib/libsqlite3.dylib
0x00007fff6c9e2000 	/usr/lib/libxar.1.dylib
0x00007fff6a8a1000 	/usr/lib/libbz2.1.0.dylib
0x00007fff6b3a1000 	/usr/lib/libiconv.2.dylib
0x00007fff6a917000 	/usr/lib/libcharset.1.dylib
0x00007fff6bf0b000 	/usr/lib/libnetwork.dylib
0x00007fff6c475000 	/usr/lib/libpcap.A.dylib
0x00007fff6a66f000 	/usr/lib/libapple_nghttp2.dylib
0x00007fff34c8f000 	/System/Library/Frameworks/CoreServices.framework/Versions/A/Frameworks/FSEvents.framework/Versions/A/FSEvents
0x00007fff3495f000 	/System/Library/Frameworks/CoreServices.framework/Versions/A/Frameworks/CarbonCore.framework/Versions/A/CarbonCore
0x00007fff34ed3000 	/System/Library/Frameworks/CoreServices.framework/Versions/A/Frameworks/Metadata.framework/Versions/A/Metadata
0x00007fff34f6c000 	/System/Library/Frameworks/CoreServices.framework/Versions/A/Frameworks/OSServices.framework/Versions/A/OSServices
0x00007fff34f9a000 	/System/Library/Frameworks/CoreServices.framework/Versions/A/Frameworks/SearchKit.framework/Versions/A/SearchKit
0x00007fff348d9000 	/System/Library/Frameworks/CoreServices.framework/Versions/A/Frameworks/AE.framework/Versions/A/AE
0x00007fff34c98000 	/System/Library/Frameworks/CoreServices.framework/Versions/A/Frameworks/LaunchServices.framework/Versions/A/LaunchServices
0x00007fff34c41000 	/System/Library/Frameworks/CoreServices.framework/Versions/A/Frameworks/DictionaryServices.framework/Versions/A/DictionaryServices
0x00007fff35002000 	/System/Library/Frameworks/CoreServices.framework/Versions/A/Frameworks/SharedFileList.framework/Versions/A/SharedFileList
0x00007fff39e93000 	/System/Library/Frameworks/NetFS.framework/Versions/A/NetFS
0x00007fff5ab7c000 	/System/Library/PrivateFrameworks/NetAuth.framework/Versions/A/NetAuth
0x00007fff67505000 	/System/Library/PrivateFrameworks/login.framework/Versions/A/Frameworks/loginsupport.framework/Versions/A/loginsupport
0x00007fff63e12000 	/System/Library/PrivateFrameworks/TCC.framework/Versions/A/TCC
0x00007fff4ba66000 	/System/Library/PrivateFrameworks/CoreNLP.framework/Versions/A/CoreNLP
0x00007fff5a079000 	/System/Library/PrivateFrameworks/MetadataUtilities.framework/Versions/A/MetadataUtilities
0x00007fff6b7dd000 	/usr/lib/libmecabra.dylib
0x00007fff6b735000 	/usr/lib/libmecab.dylib
0x00007fff6b391000 	/usr/lib/libgermantok.dylib
0x00007fff6a656000 	/usr/lib/libThaiTokenizer.dylib
0x00007fff6a05c000 	/usr/lib/libChineseTokenizer.dylib
0x00007fff2f18f000 	/System/Library/Frameworks/Accelerate.framework/Versions/A/Frameworks/vImage.framework/Versions/A/vImage
0x00007fff305f9000 	/System/Library/Frameworks/Accelerate.framework/Versions/A/Frameworks/vecLib.framework/Versions/A/vecLib
0x00007fff30536000 	/System/Library/Frameworks/Accelerate.framework/Versions/A/Frameworks/vecLib.framework/Versions/A/libvMisc.dylib
0x00007fff3035e000 	/System/Library/Frameworks/Accelerate.framework/Versions/A/Frameworks/vecLib.framework/Versions/A/libvDSP.dylib
0x00007fff2f7e6000 	/System/Library/Frameworks/Accelerate.framework/Versions/A/Frameworks/vecLib.framework/Versions/A/libBLAS.dylib
0x00007fff2ff22000 	/System/Library/Frameworks/Accelerate.framework/Versions/A/Frameworks/vecLib.framework/Versions/A/libLAPACK.dylib
0x00007fff302be000 	/System/Library/Frameworks/Accelerate.framework/Versions/A/Frameworks/vecLib.framework/Versions/A/libLinearAlgebra.dylib
0x00007fff3034b000 	/System/Library/Frameworks/Accelerate.framework/Versions/A/Frameworks/vecLib.framework/Versions/A/libSparseBLAS.dylib
0x00007fff302d4000 	/System/Library/Frameworks/Accelerate.framework/Versions/A/Frameworks/vecLib.framework/Versions/A/libQuadrature.dylib
0x00007fff2fa4e000 	/System/Library/Frameworks/Accelerate.framework/Versions/A/Frameworks/vecLib.framework/Versions/A/libBNNS.dylib
0x00007fff302da000 	/System/Library/Frameworks/Accelerate.framework/Versions/A/Frameworks/vecLib.framework/Versions/A/libSparse.dylib
0x00007fff58bed000 	/System/Library/PrivateFrameworks/LanguageModeling.framework/Versions/A/LanguageModeling
0x00007fff4b416000 	/System/Library/PrivateFrameworks/CoreEmoji.framework/Versions/A/CoreEmoji
0x00007fff58d0b000 	/System/Library/PrivateFrameworks/LinguisticData.framework/Versions/A/LinguisticData
0x00007fff58cbc000 	/System/Library/PrivateFrameworks/Lexicon.framework/Versions/A/Lexicon
0x00007fff6a918000 	/usr/lib/libcmph.dylib
0x00007fff3ca82000 	/System/Library/Frameworks/OpenDirectory.framework/Versions/A/Frameworks/CFOpenDirectory.framework/Versions/A/CFOpenDirectory
0x00007fff3ca9f000 	/System/Library/Frameworks/OpenDirectory.framework/Versions/A/OpenDirectory
0x00007fff44ee2000 	/System/Library/PrivateFrameworks/APFS.framework/Versions/A/APFS
0x00007fff40191000 	/System/Library/Frameworks/SecurityFoundation.framework/Versions/A/SecurityFoundation
0x00007fff6c9de000 	/usr/lib/libutil.dylib
0x00007fff4c94b000 	/System/Library/PrivateFrameworks/CoreServicesStore.framework/Versions/A/CoreServicesStore
0x00007fff40248000 	/System/Library/Frameworks/ServiceManagement.framework/Versions/A/ServiceManagement
0x00007fff48605000 	/System/Library/PrivateFrameworks/BackgroundTaskManagement.framework/Versions/A/BackgroundTaskManagement
0x00007fff6cadb000 	/usr/lib/libxslt.1.dylib
0x00007fff474a8000 	/System/Library/PrivateFrameworks/AppleSystemInfo.framework/Versions/A/AppleSystemInfo
0x00007fff36637000 	/System/Library/Frameworks/ImageIO.framework/Versions/A/Resources/libJPEG.dylib
0x00007fff368f6000 	/System/Library/Frameworks/ImageIO.framework/Versions/A/Resources/libTIFF.dylib
0x00007fff368d9000 	/System/Library/Frameworks/ImageIO.framework/Versions/A/Resources/libPng.dylib
0x00007fff36579000 	/System/Library/Frameworks/ImageIO.framework/Versions/A/Resources/libGIF.dylib
0x00007fff3657d000 	/System/Library/Frameworks/ImageIO.framework/Versions/A/Resources/libJP2.dylib
0x00007fff368f4000 	/System/Library/Frameworks/ImageIO.framework/Versions/A/Resources/libRadiance.dylib
0x00007fff6b35a000 	/usr/lib/libexpat.1.dylib
0x00007fff46f90000 	/System/Library/PrivateFrameworks/AppleJPEG.framework/Versions/A/AppleJPEG
0x00007fff4fc61000 	/System/Library/PrivateFrameworks/FontServices.framework/libFontParser.dylib
0x00007fff66507000 	/System/Library/PrivateFrameworks/WatchdogClient.framework/Versions/A/WatchdogClient
0x00007fff58248000 	/System/Library/PrivateFrameworks/IOAccelerator.framework/Versions/A/IOAccelerator
0x00007fff38e03000 	/System/Library/Frameworks/MetalPerformanceShaders.framework/Versions/A/MetalPerformanceShaders
0x00007fff549de000 	/System/Library/PrivateFrameworks/GPUWrangler.framework/Versions/A/GPUWrangler
0x00007fff5825d000 	/System/Library/PrivateFrameworks/IOPresentment.framework/Versions/A/IOPresentment
0x00007fff4d4cb000 	/System/Library/PrivateFrameworks/DSExternalDisplay.framework/Versions/A/DSExternalDisplay
0x00007fff3d413000 	/System/Library/Frameworks/OpenGL.framework/Versions/A/Libraries/libCoreFSCache.dylib
0x00007fff38b4f000 	/System/Library/Frameworks/MetalPerformanceShaders.framework/Frameworks/MPSCore.framework/Versions/A/MPSCore
0x00007fff38b8d000 	/System/Library/Frameworks/MetalPerformanceShaders.framework/Frameworks/MPSImage.framework/Versions/A/MPSImage
0x00007fff38c54000 	/System/Library/Frameworks/MetalPerformanceShaders.framework/Frameworks/MPSNeuralNetwork.framework/Versions/A/MPSNeuralNetwork
0x00007fff38c18000 	/System/Library/Frameworks/MetalPerformanceShaders.framework/Frameworks/MPSMatrix.framework/Versions/A/MPSMatrix
0x00007fff38db3000 	/System/Library/Frameworks/MetalPerformanceShaders.framework/Frameworks/MPSRayIntersector.framework/Versions/A/MPSRayIntersector
0x00007fff38c3e000 	/System/Library/Frameworks/MetalPerformanceShaders.framework/Frameworks/MPSNDArray.framework/Versions/A/MPSNDArray
0x00007fff5a0c6000 	/System/Library/PrivateFrameworks/MetalTools.framework/Versions/A/MetalTools
0x00007fff460bc000 	/System/Library/PrivateFrameworks/AggregateDictionary.framework/Versions/A/AggregateDictionary
0x00007fff4ae5e000 	/System/Library/PrivateFrameworks/CoreAnalytics.framework/Versions/A/CoreAnalytics
0x00007fff473c7000 	/System/Library/PrivateFrameworks/AppleSauce.framework/Versions/A/AppleSauce
0x00007fff6a318000 	/usr/lib/libIOReport.dylib
0x00007fff35503000 	/System/Library/Frameworks/CoreVideo.framework/Versions/A/CoreVideo
0x00007fff55e57000 	/System/Library/PrivateFrameworks/GraphVisualizer.framework/Versions/A/GraphVisualizer
0x00007fff4f1a7000 	/System/Library/PrivateFrameworks/FaceCore.framework/Versions/A/FaceCore
0x00007fff3ca29000 	/System/Library/Frameworks/OpenCL.framework/Versions/A/OpenCL
0x00007fff6a13a000 	/usr/lib/libFosl_dynamic.dylib
0x00007fff5b59c000 	/System/Library/PrivateFrameworks/OTSVG.framework/Versions/A/OTSVG
0x00007fff316b8000 	/System/Library/Frameworks/ApplicationServices.framework/Versions/A/Frameworks/ATS.framework/Versions/A/Resources/libFontRegistry.dylib
0x00007fff4fe32000 	/System/Library/PrivateFrameworks/FontServices.framework/libhvf.dylib
0x00007fff3d41e000 	/System/Library/Frameworks/OpenGL.framework/Versions/A/Libraries/libGFXShared.dylib
0x00007fff3d5fc000 	/System/Library/Frameworks/OpenGL.framework/Versions/A/Libraries/libGLU.dylib
0x00007fff3d427000 	/System/Library/Frameworks/OpenGL.framework/Versions/A/Libraries/libGL.dylib
0x00007fff3d432000 	/System/Library/Frameworks/OpenGL.framework/Versions/A/Libraries/libGLImage.dylib
0x00007fff3d410000 	/System/Library/Frameworks/OpenGL.framework/Versions/A/Libraries/libCVMSPluginSupport.dylib
0x00007fff3d419000 	/System/Library/Frameworks/OpenGL.framework/Versions/A/Libraries/libCoreVMClient.dylib
0x00007fff6bdac000 	/usr/lib/libncurses.5.4.dylib
0x00007fff315b4000 	/System/Library/Frameworks/ApplicationServices.framework/Versions/A/Frameworks/ATS.framework/Versions/A/ATS
0x00007fff31781000 	/System/Library/Frameworks/ApplicationServices.framework/Versions/A/Frameworks/ColorSyncLegacy.framework/Versions/A/ColorSyncLegacy
0x00007fff3181f000 	/System/Library/Frameworks/ApplicationServices.framework/Versions/A/Frameworks/HIServices.framework/Versions/A/HIServices
0x00007fff31877000 	/System/Library/Frameworks/ApplicationServices.framework/Versions/A/Frameworks/LangAnalysis.framework/Versions/A/LangAnalysis
0x00007fff31886000 	/System/Library/Frameworks/ApplicationServices.framework/Versions/A/Frameworks/PrintCore.framework/Versions/A/PrintCore
0x00007fff318cc000 	/System/Library/Frameworks/ApplicationServices.framework/Versions/A/Frameworks/QD.framework/Versions/A/QD
0x00007fff318d7000 	/System/Library/Frameworks/ApplicationServices.framework/Versions/A/Frameworks/SpeechSynthesis.framework/Versions/A/SpeechSynthesis
0x00007fff31751000 	/System/Library/Frameworks/ApplicationServices.framework/Versions/A/Frameworks/ATSUI.framework/Versions/A/ATSUI
0x00007fff6b1f0000 	/usr/lib/libcups.2.dylib
0x00007fff37e9e000 	/System/Library/Frameworks/Kerberos.framework/Versions/A/Kerberos
0x00007fff35fdf000 	/System/Library/Frameworks/GSS.framework/Versions/A/GSS
0x00007fff6c52f000 	/usr/lib/libresolv.9.dylib
0x00007fff56004000 	/System/Library/PrivateFrameworks/Heimdal.framework/Versions/A/Heimdal
0x00007fff37eb1000 	/System/Library/Frameworks/Kerberos.framework/Versions/A/Libraries/libHeimdalProxy.dylib
0x00007fff6b397000 	/usr/lib/libheimdal-asn1.dylib
0x00007fff4a2f6000 	/System/Library/PrivateFrameworks/CommonAuth.framework/Versions/A/CommonAuth
0x00007fff47545000 	/System/Library/PrivateFrameworks/AssertionServices.framework/Versions/A/AssertionServices
0x00007fff480e8000 	/System/Library/PrivateFrameworks/AudioToolboxCore.framework/Versions/A/AudioToolboxCore
0x00007fff671b5000 	/System/Library/PrivateFrameworks/caulk.framework/Versions/A/caulk
0x00007fff486b1000 	/System/Library/PrivateFrameworks/BaseBoard.framework/Versions/A/BaseBoard
0x00007fff5f7ff000 	/System/Library/PrivateFrameworks/RunningBoardServices.framework/Versions/A/RunningBoardServices
0x00007fff5c810000 	/System/Library/PrivateFrameworks/PersistentConnection.framework/Versions/A/PersistentConnection
0x00007fff5f1f8000 	/System/Library/PrivateFrameworks/ProtocolBuffer.framework/Versions/A/ProtocolBuffer
0x00007fff4a31a000 	/System/Library/PrivateFrameworks/CommonUtilities.framework/Versions/A/CommonUtilities
0x00007fff4883f000 	/System/Library/PrivateFrameworks/Bom.framework/Versions/A/Bom
0x00007fff69feb000 	/usr/lib/libAudioToolboxUtility.dylib
0x00007fff4860f000 	/System/Library/PrivateFrameworks/Backup.framework/Versions/A/Backup
0x00007fff4d3ec000 	/System/Library/PrivateFrameworks/CrashReporterSupport.framework/Versions/A/CrashReporterSupport
0x00007fff61291000 	/System/Library/PrivateFrameworks/Sharing.framework/Versions/A/Sharing
0x00007fff46b53000 	/System/Library/PrivateFrameworks/Apple80211.framework/Versions/A/Apple80211
0x00007fff4832c000 	/System/Library/PrivateFrameworks/AuthKit.framework/Versions/A/AuthKit
0x00007fff4d0f9000 	/System/Library/PrivateFrameworks/CoreUtils.framework/Versions/A/CoreUtils
0x00007fff35548000 	/System/Library/Frameworks/CoreWLAN.framework/Versions/A/CoreWLAN
0x00007fff3616c000 	/System/Library/Frameworks/IOBluetooth.framework/Versions/A/IOBluetooth
0x00007fff5a3cb000 	/System/Library/PrivateFrameworks/MobileKeyBag.framework/Versions/A/MobileKeyBag
0x00007fff4befe000 	/System/Library/PrivateFrameworks/CorePhoneNumbers.framework/Versions/A/CorePhoneNumbers
0x00007fff46f43000 	/System/Library/PrivateFrameworks/AppleIDAuthSupport.framework/Versions/A/AppleIDAuthSupport
0x00007fff39ea0000 	/System/Library/Frameworks/Network.framework/Versions/A/Network
0x00007fff58a99000 	/System/Library/PrivateFrameworks/KeychainCircle.framework/Versions/A/KeychainCircle
0x00007fff32f99000 	/System/Library/Frameworks/CoreBluetooth.framework/Versions/A/CoreBluetooth
0x00007fff63310000 	/System/Library/PrivateFrameworks/SpeechRecognitionCore.framework/Versions/A/SpeechRecognitionCore
0x00007fff265bb000 	/System/Library/CoreServices/Encodings/libSimplifiedChineseConverter.dylib
0x0000000105c00000 	/Library/Java/JavaVirtualMachines/jdk1.8.0_231.jdk/Contents/Home/jre/lib/server/libjvm.dylib
0x00007fff6c8b1000 	/usr/lib/libstdc++.6.dylib
0x0000000104a60000 	/Library/Java/JavaVirtualMachines/jdk1.8.0_231.jdk/Contents/Home/jre/lib/libverify.dylib
0x0000000104a6e000 	/Library/Java/JavaVirtualMachines/jdk1.8.0_231.jdk/Contents/Home/jre/lib/libjava.dylib
0x0000000104aa5000 	/Library/Java/JavaVirtualMachines/jdk1.8.0_231.jdk/Contents/Home/jre/lib/libinstrument.dylib
0x0000000104b11000 	/Library/Java/JavaVirtualMachines/jdk1.8.0_231.jdk/Contents/Home/jre/lib/libzip.dylib
0x0000000110f91000 	/Library/Java/JavaVirtualMachines/jdk1.8.0_231.jdk/Contents/Home/jre/lib/libnet.dylib

VM Arguments:
jvm_args: -javaagent:/Applications/IntelliJ IDEA.app/Contents/lib/idea_rt.jar=59318:/Applications/IntelliJ IDEA.app/Contents/bin -Dfile.encoding=UTF-8 
java_command: unsafeClass.UseAndLearnUnsafe
java_class_path (initial): /Library/Java/JavaVirtualMachines/jdk1.8.0_231.jdk/Contents/Home/jre/lib/charsets.jar:/Library/Java/JavaVirtualMachines/jdk1.8.0_231.jdk/Contents/Home/jre/lib/deploy.jar:/Library/Java/JavaVirtualMachines/jdk1.8.0_231.jdk/Contents/Home/jre/lib/ext/cldrdata.jar:/Library/Java/JavaVirtualMachines/jdk1.8.0_231.jdk/Contents/Home/jre/lib/ext/dnsns.jar:/Library/Java/JavaVirtualMachines/jdk1.8.0_231.jdk/Contents/Home/jre/lib/ext/jaccess.jar:/Library/Java/JavaVirtualMachines/jdk1.8.0_231.jdk/Contents/Home/jre/lib/ext/jfxrt.jar:/Library/Java/JavaVirtualMachines/jdk1.8.0_231.jdk/Contents/Home/jre/lib/ext/localedata.jar:/Library/Java/JavaVirtualMachines/jdk1.8.0_231.jdk/Contents/Home/jre/lib/ext/nashorn.jar:/Library/Java/JavaVirtualMachines/jdk1.8.0_231.jdk/Contents/Home/jre/lib/ext/sunec.jar:/Library/Java/JavaVirtualMachines/jdk1.8.0_231.jdk/Contents/Home/jre/lib/ext/sunjce_provider.jar:/Library/Java/JavaVirtualMachines/jdk1.8.0_231.jdk/Contents/Home/jre/lib/ext/sunpkcs11.jar:/Library/Java/JavaVirtualMachines/jdk1.8.0_231.jdk/Contents/Home/jre/lib/ext/zipfs.jar:/Library/Java/JavaVirtualMachines/jdk1.8.0_231.jdk/Contents/Home/jre/lib/javaws.jar:/Library/Java/JavaVirtualMachines/jdk1.8.0_231.jdk/Contents/Home/jre/lib/jce.jar:/Library/Java/JavaVirtualMachines/jdk1.8.0_231.jdk/Contents/Home/jre/lib/jfr.jar:/Library/Java/JavaVirtualMachines/jdk1.8.0_231.jdk/Contents/Home/jre/lib/jfxswt.jar:/Library/Java/JavaVirtualMachines/jdk1.8.0_231.jdk/Contents/Home/jre/lib/jsse.jar:/Library/Java/JavaVirtualMachines/jdk1.8.0_231.jdk/Contents/Home/jre/lib/management-agent.jar:/Library/Java/JavaVirtualMachines/jdk1.8.0_231.jdk/Contents/Home/jre/lib/plugin.jar:/Library/Java/JavaVirtualMachines/jdk1.8.0_231.jdk/Contents/Home/jre/lib/resources.jar:/Library/Java/JavaVirtualMachines/jdk1.8.0_231.jdk/Contents/Home/jre/lib/rt.jar:/Library/Java/JavaVirtualMachines/jdk1.8.0_231.jdk/Contents/Home/lib/ant-javafx.jar:/Library/Java/JavaVirtualMachines/jdk1.8.0_231.jdk/Contents/Home
Launcher Type: SUN_STANDARD

Environment Variables:
PATH=/usr/local/bin:/usr/bin:/bin:/usr/sbin:/sbin:/Library/Apple/usr/bin:/usr/local/apache-maven-3.6.3/bin:/usr/local/sbin:/usr/local/mysql/bin
SHELL=/bin/zsh

Signal Handlers:
SIGSEGV: [libjvm.dylib+0x5b7e2b], sa_mask[0]=11111111011111110111111111111111, sa_flags=SA_ONSTACK|SA_RESTART|SA_SIGINFO
SIGBUS: [libjvm.dylib+0x5b7e2b], sa_mask[0]=11111111011111110111111111111111, sa_flags=SA_RESTART|SA_SIGINFO
SIGFPE: [libjvm.dylib+0x48c6ec], sa_mask[0]=11111111011111110111111111111111, sa_flags=SA_RESTART|SA_SIGINFO
SIGPIPE: [libjvm.dylib+0x48c6ec], sa_mask[0]=11111111011111110111111111111111, sa_flags=SA_RESTART|SA_SIGINFO
SIGXFSZ: [libjvm.dylib+0x48c6ec], sa_mask[0]=11111111011111110111111111111111, sa_flags=SA_RESTART|SA_SIGINFO
SIGILL: [libjvm.dylib+0x48c6ec], sa_mask[0]=11111111011111110111111111111111, sa_flags=SA_RESTART|SA_SIGINFO
SIGUSR1: SIG_DFL, sa_mask[0]=00000000000000000000000000000000, sa_flags=none
SIGUSR2: [libjvm.dylib+0x48c20a], sa_mask[0]=00100000000000000000000000000000, sa_flags=SA_RESTART|SA_SIGINFO
SIGHUP: [libjvm.dylib+0x48a795], sa_mask[0]=11111111011111110111111111111111, sa_flags=SA_RESTART|SA_SIGINFO
SIGINT: [libjvm.dylib+0x48a795], sa_mask[0]=11111111011111110111111111111111, sa_flags=SA_RESTART|SA_SIGINFO
SIGTERM: [libjvm.dylib+0x48a795], sa_mask[0]=11111111011111110111111111111111, sa_flags=SA_RESTART|SA_SIGINFO
SIGQUIT: [libjvm.dylib+0x48a795], sa_mask[0]=11111111011111110111111111111111, sa_flags=SA_RESTART|SA_SIGINFO


---------------  S Y S T E M  ---------------

OS:Bsduname:Darwin 19.6.0 Darwin Kernel Version 19.6.0: Mon Aug 31 22:12:52 PDT 2020; root:xnu-6153.141.2~1/RELEASE_X86_64 x86_64
rlimit: STACK 8192k, CORE 0k, NPROC 2784, NOFILE 10240, AS infinity
load average:3.17 3.69 3.52

CPU:total 8 (initial active 8) (4 cores per cpu, 2 threads per core) family 6 model 126 stepping 5, cmov, cx8, fxsr, mmx, sse, sse2, sse3, ssse3, sse4.1, sse4.2, popcnt, avx, avx2, aes, clmul, erms, 3dnowpref, lzcnt, ht, tsc, tscinvbit, bmi1, bmi2, adx

Memory: 4k page, physical 16777216k(271072k free)

/proc/meminfo:


vm_info: Java HotSpot(TM) 64-Bit Server VM (25.231-b11) for bsd-amd64 JRE (1.8.0_231-b11), built on Oct  5 2019 03:15:25 by "java_re" with gcc 4.2.1 (Based on Apple Inc. build 5658) (LLVM build 2336.11.00)

time: Fri Oct 30 15:43:23 2020
timezone: CST
elapsed time: 0 seconds (0d 0h 0m 0s)

